<?xml version="1.0" encoding="UTF-8"?>
<!-- Generated by org.testng.reporters.JUnitReportReporter -->
<testsuite skipped="0" hostname="DESKTOP-LIKU9SB" name="runner.TestRunner" tests="12" failures="0" timestamp="2022-04-23T14:46:46 EET" time="172.128" errors="5">
  <testcase name="runScenario" time="49.039" classname="runner.TestRunner"/>
  <system-out/>
  <testcase name="runScenario" time="13.852" classname="runner.TestRunner"/>
  <system-out/>
  <testcase name="runScenario" time="8.258" classname="runner.TestRunner">
    <error type="java.lang.NullPointerException">
      <![CDATA[java.lang.NullPointerException
at stepDefinition.Login.validData(Login.java:18)
at stepDefinition.Login.loggedUser(Login.java:38)
at ✽.user is logged in with "email@gmail.com" and "11111111"(file:///C:/Users/nadeen/Desktop/fwd/ecommerce%20app/ecommerce/src/main/resources/features/F03_search.feature:29)
]]>
    </error>
  </testcase> <!-- runScenario -->
  <system-out/>
  <testcase name="runScenario" time="11.080" classname="runner.TestRunner">
    <error type="java.lang.NullPointerException">
      <![CDATA[java.lang.NullPointerException
at stepDefinition.Login.validData(Login.java:18)
at stepDefinition.Login.loggedUser(Login.java:38)
at ✽.user is logged in with "email@gmail.com" and "111111"(file:///C:/Users/nadeen/Desktop/fwd/ecommerce%20app/ecommerce/src/main/resources/features/F03_search.feature:5)
]]>
    </error>
  </testcase> <!-- runScenario -->
  <system-out/>
  <testcase name="runScenario" time="11.886" classname="runner.TestRunner"/>
  <system-out/>
  <testcase name="runScenario" time="13.243" classname="runner.TestRunner"/>
  <system-out/>
  <testcase name="runScenario" time="10.061" classname="runner.TestRunner"/>
  <system-out/>
  <testcase name="runScenario" time="13.511" classname="runner.TestRunner"/>
  <system-out/>
  <testcase name="runScenario" time="10.463" classname="runner.TestRunner">
    <error type="java.lang.NullPointerException">
      <![CDATA[java.lang.NullPointerException
at stepDefinition.Login.validData(Login.java:18)
at stepDefinition.Login.loggedUser(Login.java:38)
at ✽.user is logged in with "email@gmail.com" and "111111"(file:///C:/Users/nadeen/Desktop/fwd/ecommerce%20app/ecommerce/src/main/resources/features/F03_search.feature:53)
]]>
    </error>
  </testcase> <!-- runScenario -->
  <system-out/>
  <testcase name="runScenario" time="12.876" classname="runner.TestRunner"/>
  <system-out/>
  <testcase name="runScenario" time="8.623" classname="runner.TestRunner">
    <error type="java.lang.NullPointerException">
      <![CDATA[java.lang.NullPointerException
at stepDefinition.Login.validData(Login.java:18)
at ✽.user login with valid "email@gmail.com" and "asdf@1234"(file:///C:/Users/nadeen/Desktop/fwd/ecommerce%20app/ecommerce/src/main/resources/features/F02_login.feature:6)
]]>
    </error>
  </testcase> <!-- runScenario -->
  <system-out/>
  <testcase name="runScenario" time="9.236" classname="runner.TestRunner">
    <error type="java.lang.NullPointerException">
      <![CDATA[java.lang.NullPointerException
at stepDefinition.Login.validData(Login.java:18)
at stepDefinition.Login.loggedUser(Login.java:38)
at ✽.user is logged in with "emaill@gmail.com" and "asdf@1234"(file:///C:/Users/nadeen/Desktop/fwd/ecommerce%20app/ecommerce/src/main/resources/features/F02_login.feature:11)
]]>
    </error>
  </testcase> <!-- runScenario -->
  <system-out/>
</testsuite> <!-- runner.TestRunner -->
