<?xml version="1.0" encoding="UTF-8" ?>
<testsuite tests="12" failures="5" name="runner.TestRunner" time="172.127" errors="0" skipped="0">
  <properties>
    <property name="idea.version" value="2021.3.3"/>
    <property name="java.runtime.name" value="Java(TM) SE Runtime Environment"/>
    <property name="sun.boot.library.path" value="C:\Program Files (x86)\Java\jdk1.8.0_151\jre\bin"/>
    <property name="java.vm.version" value="25.151-b12"/>
    <property name="java.vm.vendor" value="Oracle Corporation"/>
    <property name="maven.multiModuleProjectDirectory" value="C:\Users\nadeen\Desktop\fwd\ecommerce app\ecommerce"/>
    <property name="java.vendor.url" value="http://java.oracle.com/"/>
    <property name="path.separator" value=";"/>
    <property name="guice.disable.misplaced.annotation.check" value="true"/>
    <property name="java.vm.name" value="Java HotSpot(TM) Client VM"/>
    <property name="file.encoding.pkg" value="sun.io"/>
    <property name="user.script" value=""/>
    <property name="user.country" value="US"/>
    <property name="sun.java.launcher" value="SUN_STANDARD"/>
    <property name="sun.os.patch.level" value=""/>
    <property name="java.vm.specification.name" value="Java Virtual Machine Specification"/>
    <property name="user.dir" value="C:\Users\nadeen\Desktop\fwd\ecommerce app\ecommerce"/>
    <property name="java.runtime.version" value="1.8.0_151-b12"/>
    <property name="java.awt.graphicsenv" value="sun.awt.Win32GraphicsEnvironment"/>
    <property name="java.endorsed.dirs" value="C:\Program Files (x86)\Java\jdk1.8.0_151\jre\lib\endorsed"/>
    <property name="os.arch" value="x86"/>
    <property name="java.io.tmpdir" value="C:\Users\nadeen\AppData\Local\Temp\"/>
    <property name="line.separator" value="
"/>
    <property name="java.vm.specification.vendor" value="Oracle Corporation"/>
    <property name="user.variant" value=""/>
    <property name="os.name" value="Windows 10"/>
    <property name="maven.ext.class.path" value="C:\Program Files\JetBrains\IntelliJ IDEA Community Edition 2021.3.3\plugins\maven\lib\maven-event-listener.jar"/>
    <property name="classworlds.conf" value="C:\Program Files\JetBrains\IntelliJ IDEA Community Edition 2021.3.3\plugins\maven\lib\maven3\bin\m2.conf"/>
    <property name="sun.jnu.encoding" value="Cp1252"/>
    <property name="java.library.path" value="C:\Program Files (x86)\Java\jdk1.8.0_151\bin;C:\Windows\Sun\Java\bin;C:\Windows\system32;C:\Windows;C:\Program Files\Common Files\Oracle\Java\javapath;C:\oraclexe\app\oracle\product\11.2.0\server\bin;C:\ProgramData\Oracle\Java\javapath;C:\Windows\system32;C:\Windows;C:\Windows\System32\Wbem;C:\Windows\System32\WindowsPowerShell\v1.0\;C:\Windows\System32\OpenSSH\;C:\Program Files\Microsoft SQL Server\150\Tools\Binn\;C:\Program Files\Microsoft SQL Server\Client SDK\ODBC\170\Tools\Binn\;C:\Program Files\dotnet\;C:\ProgramData\ComposerSetup\bin;C:\Program Files\php-8.1.3-nts-Win32-vs16-x64;C:\Program Files\Git\cmd;C:\Program Files (x86)\dotnet\;C:\Program Files (x86)\Microsoft SQL Server\150\Tools\Binn\;C:\Program Files\Microsoft SQL Server\150\DTS\Binn\;C:\Program Files\Microsoft SQL Server\130\Tools\Binn\;C:\Program Files (x86)\Microsoft SQL Server\150\DTS\Binn\;C:\Program Files\Azure Data Studio\bin;C:\Program Files\nodejs\;C:\Program Files\JetBrains\IntelliJ IDEA Community Edition 2021.3.3\plugins\maven\lib\apache-maven-3.8.5\bin;C:\Users\nadeen\AppData\Local\Microsoft\WindowsApps;C:\xampp\php;C:\Users\nadeen\.dotnet\tools;C:\Users\nadeen\AppData\Local\Programs\Microsoft VS Code\bin;C:\Users\nadeen\AppData\Roaming\Composer\vendor\bin;C:\Users\nadeen\AppData\Local\GitHubDesktop\bin;C:\Program Files\Azure Data Studio\bin;C:\Users\nadeen\AppData\Roaming\npm;."/>
    <property name="maven.conf" value="C:\Program Files\JetBrains\IntelliJ IDEA Community Edition 2021.3.3\plugins\maven\lib\maven3/conf"/>
    <property name="java.specification.name" value="Java Platform API Specification"/>
    <property name="java.class.version" value="52.0"/>
    <property name="sun.management.compiler" value="HotSpot Client Compiler"/>
    <property name="os.version" value="10.0"/>
    <property name="user.home" value="C:\Users\nadeen"/>
    <property name="user.timezone" value="Africa/Cairo"/>
    <property name="java.awt.printerjob" value="sun.awt.windows.WPrinterJob"/>
    <property name="java.specification.version" value="1.8"/>
    <property name="file.encoding" value="UTF-8"/>
    <property name="user.name" value="nadeen"/>
    <property name="java.class.path" value="C:\Program Files\JetBrains\IntelliJ IDEA Community Edition 2021.3.3\plugins\maven\lib\maven3\boot\plexus-classworlds-2.6.0.jar;C:\Program Files\JetBrains\IntelliJ IDEA Community Edition 2021.3.3\plugins\maven\lib\maven3\boot\plexus-classworlds.license;C:\Program Files\JetBrains\IntelliJ IDEA Community Edition 2021.3.3\lib\idea_rt.jar"/>
    <property name="java.vm.specification.version" value="1.8"/>
    <property name="sun.arch.data.model" value="32"/>
    <property name="java.home" value="C:\Program Files (x86)\Java\jdk1.8.0_151\jre"/>
    <property name="sun.java.command" value="org.codehaus.classworlds.Launcher -Didea.version=2021.3.3 verify"/>
    <property name="java.specification.vendor" value="Oracle Corporation"/>
    <property name="user.language" value="en"/>
    <property name="awt.toolkit" value="sun.awt.windows.WToolkit"/>
    <property name="java.vm.info" value="mixed mode"/>
    <property name="java.version" value="1.8.0_151"/>
    <property name="java.ext.dirs" value="C:\Program Files (x86)\Java\jdk1.8.0_151\jre\lib\ext;C:\Windows\Sun\Java\lib\ext"/>
    <property name="sun.boot.class.path" value="C:\Program Files (x86)\Java\jdk1.8.0_151\jre\lib\resources.jar;C:\Program Files (x86)\Java\jdk1.8.0_151\jre\lib\rt.jar;C:\Program Files (x86)\Java\jdk1.8.0_151\jre\lib\sunrsasign.jar;C:\Program Files (x86)\Java\jdk1.8.0_151\jre\lib\jsse.jar;C:\Program Files (x86)\Java\jdk1.8.0_151\jre\lib\jce.jar;C:\Program Files (x86)\Java\jdk1.8.0_151\jre\lib\charsets.jar;C:\Program Files (x86)\Java\jdk1.8.0_151\jre\lib\jfr.jar;C:\Program Files (x86)\Java\jdk1.8.0_151\jre\classes"/>
    <property name="java.vendor" value="Oracle Corporation"/>
    <property name="maven.home" value="C:\Program Files\JetBrains\IntelliJ IDEA Community Edition 2021.3.3\plugins\maven\lib\maven3"/>
    <property name="file.separator" value="\"/>
    <property name="java.vendor.url.bug" value="http://bugreport.sun.com/bugreport/"/>
    <property name="sun.cpu.endian" value="little"/>
    <property name="sun.io.unicode.encoding" value="UnicodeLittle"/>
    <property name="sun.desktop" value="windows"/>
    <property name="sun.cpu.isalist" value="pentium_pro+mmx pentium_pro pentium+mmx pentium i486 i386 i86"/>
  </properties>
  <testcase classname="runner.TestRunner" name="runScenario" time="49.045"/>
  <testcase classname="runner.TestRunner" name="runScenario" time="8.621">
    <failure type="java.lang.NullPointerException">java.lang.NullPointerException
	at stepDefinition.Login.validData(Login.java:18)
	at ✽.user login with valid &quot;email@gmail.com&quot; and &quot;asdf@1234&quot;(file:///C:/Users/nadeen/Desktop/fwd/ecommerce%20app/ecommerce/src/main/resources/features/F02_login.feature:6)
</failure>
    <system-out>
@regression
Scenario: sc02 | user could login with valid email and password # src/main/resources/features/F02_login.feature:4
  Given user should go to login page                            # stepDefinition.Login.loginLink()
  When user login with valid &quot;email@gmail.com&quot; and &quot;asdf@1234&quot;  # stepDefinition.Login.validData(java.lang.String,java.lang.String)
      java.lang.NullPointerException
	at stepDefinition.Login.validData(Login.java:18)
	at ✽.user login with valid &quot;email@gmail.com&quot; and &quot;asdf@1234&quot;(file:///C:/Users/nadeen/Desktop/fwd/ecommerce%20app/ecommerce/src/main/resources/features/F02_login.feature:6)

  And user press on login button                                # stepDefinition.Login.loginBtn()
  Then user login to the system successfully                    # stepDefinition.Login.loginSuccessMsg()
</system-out>
    <system-err>[main] INFO io.github.bonigarcia.wdm.WebDriverManager - Using chromedriver 100.0.4896.60 (resolved driver for Chrome 100)
[main] INFO io.github.bonigarcia.wdm.WebDriverManager - Exporting webdriver.chrome.driver as C:\Users\nadeen\.cache\selenium\chromedriver\win32\100.0.4896.60\chromedriver.exe
Starting ChromeDriver 100.0.4896.60 (6a5d10861ce8de5fce22564658033b43cb7de047-refs/branch-heads/4896@{#875}) on port 57718
Only local connections are allowed.
Please see https://chromedriver.chromium.org/security-considerations for suggestions on keeping ChromeDriver safe.
ChromeDriver was started successfully.
Apr 23, 2022 2:44:44 PM org.openqa.selenium.remote.ProtocolHandshake createSession
INFO: Detected dialect: W3C
Apr 23, 2022 2:44:44 PM org.openqa.selenium.devtools.CdpVersionFinder findNearestMatch
WARNING: Unable to find an exact match for CDP version 100, so returning the closest version found: 97
Apr 23, 2022 2:44:44 PM org.openqa.selenium.devtools.CdpVersionFinder findNearestMatch
INFO: Found CDP implementation for version 100 of 97
</system-err>
  </testcase>
  <testcase classname="runner.TestRunner" name="runScenario" time="9.233">
    <failure type="java.lang.NullPointerException">java.lang.NullPointerException
	at stepDefinition.Login.validData(Login.java:18)
	at stepDefinition.Login.loggedUser(Login.java:38)
	at ✽.user is logged in with &quot;emaill@gmail.com&quot; and &quot;asdf@1234&quot;(file:///C:/Users/nadeen/Desktop/fwd/ecommerce%20app/ecommerce/src/main/resources/features/F02_login.feature:11)
</failure>
    <system-out>
@regression
Scenario: sc03 | User could reset his/her password successfully           # src/main/resources/features/F02_login.feature:10
  Given user is logged in with &quot;emaill@gmail.com&quot; and &quot;asdf@1234&quot;         # stepDefinition.Login.loggedUser(java.lang.String,java.lang.String)
      java.lang.NullPointerException
	at stepDefinition.Login.validData(Login.java:18)
	at stepDefinition.Login.loggedUser(Login.java:38)
	at ✽.user is logged in with &quot;emaill@gmail.com&quot; and &quot;asdf@1234&quot;(file:///C:/Users/nadeen/Desktop/fwd/ecommerce%20app/ecommerce/src/main/resources/features/F02_login.feature:11)

  When user should click on my account link then click on change password # stepDefinition.Login.changePasswordLink()
  And user fills old pass &quot;asdf@1234&quot; and new pass                        # stepDefinition.Login.changeToNewPassword(java.lang.String)
  And user click on Change password button                                # stepDefinition.Login.ChangePassBtn()
  Then user has changed his-her password successfully                     # stepDefinition.Login.PassChangedSuccessfully()
</system-out>
    <system-err>[main] INFO io.github.bonigarcia.wdm.WebDriverManager - Using chromedriver 100.0.4896.60 (resolved driver for Chrome 100)
[main] INFO io.github.bonigarcia.wdm.WebDriverManager - Exporting webdriver.chrome.driver as C:\Users\nadeen\.cache\selenium\chromedriver\win32\100.0.4896.60\chromedriver.exe
Starting ChromeDriver 100.0.4896.60 (6a5d10861ce8de5fce22564658033b43cb7de047-refs/branch-heads/4896@{#875}) on port 59140
Only local connections are allowed.
Please see https://chromedriver.chromium.org/security-considerations for suggestions on keeping ChromeDriver safe.
ChromeDriver was started successfully.
Apr 23, 2022 2:44:53 PM org.openqa.selenium.remote.ProtocolHandshake createSession
INFO: Detected dialect: W3C
Apr 23, 2022 2:44:53 PM org.openqa.selenium.devtools.CdpVersionFinder findNearestMatch
WARNING: Unable to find an exact match for CDP version 100, so returning the closest version found: 97
Apr 23, 2022 2:44:53 PM org.openqa.selenium.devtools.CdpVersionFinder findNearestMatch
INFO: Found CDP implementation for version 100 of 97
</system-err>
  </testcase>
  <testcase classname="runner.TestRunner" name="runScenario" time="11.08">
    <failure type="java.lang.NullPointerException">java.lang.NullPointerException
	at stepDefinition.Login.validData(Login.java:18)
	at stepDefinition.Login.loggedUser(Login.java:38)
	at ✽.user is logged in with &quot;email@gmail.com&quot; and &quot;111111&quot;(file:///C:/Users/nadeen/Desktop/fwd/ecommerce%20app/ecommerce/src/main/resources/features/F03_search.feature:5)
</failure>
    <system-out>
@regression
Scenario: sc04 | user could search for product using fullname # src/main/resources/features/F03_search.feature:4
  Given user is logged in with &quot;email@gmail.com&quot; and &quot;111111&quot; # stepDefinition.Login.loggedUser(java.lang.String,java.lang.String)
      java.lang.NullPointerException
	at stepDefinition.Login.validData(Login.java:18)
	at stepDefinition.Login.loggedUser(Login.java:38)
	at ✽.user is logged in with &quot;email@gmail.com&quot; and &quot;111111&quot;(file:///C:/Users/nadeen/Desktop/fwd/ecommerce%20app/ecommerce/src/main/resources/features/F03_search.feature:5)

  When user search using the name of the product              # stepDefinition.Search.searchProduct()
  Then user could find camera                                 # stepDefinition.Search.searchResults()
</system-out>
    <system-err>[main] INFO io.github.bonigarcia.wdm.WebDriverManager - Using chromedriver 100.0.4896.60 (resolved driver for Chrome 100)
[main] INFO io.github.bonigarcia.wdm.WebDriverManager - Exporting webdriver.chrome.driver as C:\Users\nadeen\.cache\selenium\chromedriver\win32\100.0.4896.60\chromedriver.exe
Starting ChromeDriver 100.0.4896.60 (6a5d10861ce8de5fce22564658033b43cb7de047-refs/branch-heads/4896@{#875}) on port 57226
Only local connections are allowed.
Please see https://chromedriver.chromium.org/security-considerations for suggestions on keeping ChromeDriver safe.
ChromeDriver was started successfully.
Apr 23, 2022 2:45:02 PM org.openqa.selenium.remote.ProtocolHandshake createSession
INFO: Detected dialect: W3C
Apr 23, 2022 2:45:02 PM org.openqa.selenium.devtools.CdpVersionFinder findNearestMatch
WARNING: Unable to find an exact match for CDP version 100, so returning the closest version found: 97
Apr 23, 2022 2:45:02 PM org.openqa.selenium.devtools.CdpVersionFinder findNearestMatch
INFO: Found CDP implementation for version 100 of 97
</system-err>
  </testcase>
  <testcase classname="runner.TestRunner" name="runScenario" time="10.061"/>
  <testcase classname="runner.TestRunner" name="runScenario" time="13.509"/>
  <testcase classname="runner.TestRunner" name="runScenario" time="12.875"/>
  <testcase classname="runner.TestRunner" name="runScenario" time="13.851"/>
  <testcase classname="runner.TestRunner" name="runScenario" time="8.259">
    <failure type="java.lang.NullPointerException">java.lang.NullPointerException
	at stepDefinition.Login.validData(Login.java:18)
	at stepDefinition.Login.loggedUser(Login.java:38)
	at ✽.user is logged in with &quot;email@gmail.com&quot; and &quot;11111111&quot;(file:///C:/Users/nadeen/Desktop/fwd/ecommerce%20app/ecommerce/src/main/resources/features/F03_search.feature:29)
</failure>
    <system-out>
@regression
Scenario: sc09 | user could add different products to Shopping cart # src/main/resources/features/F03_search.feature:28
  Given user is logged in with &quot;email@gmail.com&quot; and &quot;11111111&quot;     # stepDefinition.Login.loggedUser(java.lang.String,java.lang.String)
      java.lang.NullPointerException
	at stepDefinition.Login.validData(Login.java:18)
	at stepDefinition.Login.loggedUser(Login.java:38)
	at ✽.user is logged in with &quot;email@gmail.com&quot; and &quot;11111111&quot;(file:///C:/Users/nadeen/Desktop/fwd/ecommerce%20app/ecommerce/src/main/resources/features/F03_search.feature:29)

  When user could select a category                                 # stepDefinition.Search.selectCategory()
  And user can select sub category if found                         # stepDefinition.Search.selectSubCategory()
  And user click add item to cart                                   # stepDefinition.Search.addToCart()
  Then added successfully to shopping cart mssg                     # stepDefinition.Search.addToCartSuccessfully()
  And user click add item to cart                                   # stepDefinition.Search.addToCart()
  Then added successfully to shopping cart mssg                     # stepDefinition.Search.addToCartSuccessfully()
</system-out>
    <system-err>[main] INFO io.github.bonigarcia.wdm.WebDriverManager - Using chromedriver 100.0.4896.60 (resolved driver for Chrome 100)
[main] INFO io.github.bonigarcia.wdm.WebDriverManager - Exporting webdriver.chrome.driver as C:\Users\nadeen\.cache\selenium\chromedriver\win32\100.0.4896.60\chromedriver.exe
Starting ChromeDriver 100.0.4896.60 (6a5d10861ce8de5fce22564658033b43cb7de047-refs/branch-heads/4896@{#875}) on port 56142
Only local connections are allowed.
Please see https://chromedriver.chromium.org/security-considerations for suggestions on keeping ChromeDriver safe.
ChromeDriver was started successfully.
Apr 23, 2022 2:46:03 PM org.openqa.selenium.remote.ProtocolHandshake createSession
INFO: Detected dialect: W3C
Apr 23, 2022 2:46:03 PM org.openqa.selenium.devtools.CdpVersionFinder findNearestMatch
WARNING: Unable to find an exact match for CDP version 100, so returning the closest version found: 97
Apr 23, 2022 2:46:03 PM org.openqa.selenium.devtools.CdpVersionFinder findNearestMatch
INFO: Found CDP implementation for version 100 of 97
</system-err>
  </testcase>
  <testcase classname="runner.TestRunner" name="runScenario" time="13.243"/>
  <testcase classname="runner.TestRunner" name="runScenario" time="11.886"/>
  <testcase classname="runner.TestRunner" name="runScenario" time="10.464">
    <failure type="java.lang.NullPointerException">java.lang.NullPointerException
	at stepDefinition.Login.validData(Login.java:18)
	at stepDefinition.Login.loggedUser(Login.java:38)
	at ✽.user is logged in with &quot;email@gmail.com&quot; and &quot;111111&quot;(file:///C:/Users/nadeen/Desktop/fwd/ecommerce%20app/ecommerce/src/main/resources/features/F03_search.feature:53)
</failure>
    <system-out>
@regression
Scenario: sc12 | user could create a successful Order         # src/main/resources/features/F03_search.feature:52
  Given user is logged in with &quot;email@gmail.com&quot; and &quot;111111&quot; # stepDefinition.Login.loggedUser(java.lang.String,java.lang.String)
      java.lang.NullPointerException
	at stepDefinition.Login.validData(Login.java:18)
	at stepDefinition.Login.loggedUser(Login.java:38)
	at ✽.user is logged in with &quot;email@gmail.com&quot; and &quot;111111&quot;(file:///C:/Users/nadeen/Desktop/fwd/ecommerce%20app/ecommerce/src/main/resources/features/F03_search.feature:53)

  When user could select a category                           # stepDefinition.Search.selectCategory()
  And user can select sub category if found                   # stepDefinition.Search.selectSubCategory()
  And user click add item to cart                             # stepDefinition.Search.addToCart()
  When user click on shopping cart                            # stepDefinition.Search.clickShoppingCart()
  And user accept terms of service                            # stepDefinition.Search.accepttermsofservice()
  And user choose checkout                                    # stepDefinition.Search.checkout()
  And user fills all checkout data                            # stepDefinition.Search.fillcheckoutdata()
  And user click on continue                                  # stepDefinition.Search.continueCheckout()
  And user click on continue-shipping                         # stepDefinition.Search.continueShipping()
  And user click on continue-payment-method                   # stepDefinition.Search.continuePaymentMethod()
  And user click on continue-payment-info                     # stepDefinition.Search.continuePaymentInfo()
  And user click on confirm-order                             # stepDefinition.Search.confirmOrderNext()
  Then user order products successfully                       # stepDefinition.Search.checkoutSuccessfully()
</system-out>
    <system-err>[main] INFO io.github.bonigarcia.wdm.WebDriverManager - Using chromedriver 100.0.4896.60 (resolved driver for Chrome 100)
[main] INFO io.github.bonigarcia.wdm.WebDriverManager - Exporting webdriver.chrome.driver as C:\Users\nadeen\.cache\selenium\chromedriver\win32\100.0.4896.60\chromedriver.exe
Starting ChromeDriver 100.0.4896.60 (6a5d10861ce8de5fce22564658033b43cb7de047-refs/branch-heads/4896@{#875}) on port 62910
Only local connections are allowed.
Please see https://chromedriver.chromium.org/security-considerations for suggestions on keeping ChromeDriver safe.
ChromeDriver was started successfully.
Apr 23, 2022 2:46:37 PM org.openqa.selenium.remote.ProtocolHandshake createSession
INFO: Detected dialect: W3C
Apr 23, 2022 2:46:37 PM org.openqa.selenium.devtools.CdpVersionFinder findNearestMatch
WARNING: Unable to find an exact match for CDP version 100, so returning the closest version found: 97
Apr 23, 2022 2:46:37 PM org.openqa.selenium.devtools.CdpVersionFinder findNearestMatch
INFO: Found CDP implementation for version 100 of 97
</system-err>
  </testcase>
</testsuite>